#
# There is insufficient memory for the Java Runtime Environment to continue.
# Native memory allocation (mmap) failed to map 268435456 bytes for G1 virtual space
# Possible reasons:
#   The system is out of physical RAM or swap space
#   The process is running with CompressedOops enabled, and the Java Heap may be blocking the growth of the native heap
# Possible solutions:
#   Reduce memory load on the system
#   Increase physical memory or swap space
#   Check if swap backing store is full
#   Decrease Java heap size (-Xmx/-Xms)
#   Decrease number of Java threads
#   Decrease Java thread stack sizes (-Xss)
#   Set larger code cache with -XX:ReservedCodeCacheSize=
#   JVM is running with Zero Based Compressed Oops mode in which the Java heap is
#     placed in the first 32GB address space. The Java Heap base address is the
#     maximum limit for the native heap growth. Please use -XX:HeapBaseMinAddress
#     to set the Java Heap base and to place the Java Heap above 32GB virtual address.
# This output file may be truncated or incomplete.
#
#  Out of Memory Error (os_windows.cpp:3469), pid=26004, tid=30308
#
# JRE version:  (17.0+35) (build )
# Java VM: OpenJDK 64-Bit Server VM (17+35-2724, mixed mode, sharing, tiered, compressed oops, compressed class ptrs, g1 gc, windows-amd64)
# No core dump will be written. Minidumps are not enabled by default on client versions of Windows
#

---------------  S U M M A R Y ------------

Command Line: -Dfile.encoding=UTF-8 -Dstdout.encoding=UTF-8 -Dstderr.encoding=UTF-8 -XX:+ShowCodeDetailsInExceptionMessages banking3.JavaConsoleBankPSH

Host: AMD Ryzen 5 3600 6-Core Processor              , 12 cores, 15G,  Windows 10 , 64 bit Build 19041 (10.0.19041.3636)
Time: Mon Jan 22 20:02:26 2024  Windows 10 , 64 bit Build 19041 (10.0.19041.3636) elapsed time: 0.009021 seconds (0d 0h 0m 0s)

---------------  T H R E A D  ---------------

Current thread (0x000002abb233d530):  JavaThread "Unknown thread" [_thread_in_vm, id=30308, stack(0x000000c17d800000,0x000000c17d900000)]

Stack: [0x000000c17d800000,0x000000c17d900000]
Native frames: (J=compiled Java code, j=interpreted, Vv=VM code, C=native code)
V  [jvm.dll+0x66f8ea]
V  [jvm.dll+0x7ce224]
V  [jvm.dll+0x7cf9ce]
V  [jvm.dll+0x7d0033]
V  [jvm.dll+0x242bb5]
V  [jvm.dll+0x66c909]
V  [jvm.dll+0x6613d2]
V  [jvm.dll+0x30082b]
V  [jvm.dll+0x307db6]
V  [jvm.dll+0x357a0e]
V  [jvm.dll+0x357c3f]
V  [jvm.dll+0x2d7ae8]
V  [jvm.dll+0x2d8a54]
V  [jvm.dll+0x7a00a1]
V  [jvm.dll+0x365781]
V  [jvm.dll+0x77f59c]
V  [jvm.dll+0x3e805f]
V  [jvm.dll+0x3e9b01]
C  [jli.dll+0x527b]
C  [ucrtbase.dll+0x21bb2]
C  [KERNEL32.DLL+0x17344]
C  [ntdll.dll+0x526b1]


---------------  P R O C E S S  ---------------

Threads class SMR info:
_java_thread_list=0x00007ff99d797818, length=0, elements={
}

Java Threads: ( => current thread )

Other Threads:
  0x000002abb2391450 GCTaskThread "GC Thread#0" [stack: 0x000000c17d900000,0x000000c17da00000] [id=23256]
  0x000002abb23a3990 ConcurrentGCThread "G1 Main Marker" [stack: 0x000000c17da00000,0x000000c17db00000] [id=26812]
  0x000002abb23a62d0 ConcurrentGCThread "G1 Conc#0" [stack: 0x000000c17db00000,0x000000c17dc00000] [id=30504]

[error occurred during error reporting (printing all threads), id 0xc0000005, EXCEPTION_ACCESS_VIOLATION (0xc0000005) at pc=0x00007ff99cfe84c7]

VM state: not at safepoint (not fully initialized)

VM Mutex/Monitor currently owned by a thread:  ([mutex/lock_event])
[0x000002abb018bc10] Heap_lock - owner thread: 0x000002abb233d530

Heap address: 0x0000000700c00000, size: 4084 MB, Compressed Oops mode: Zero based, Oop shift amount: 3

CDS archive(s) mapped at: [0x0000000000000000-0x0000000000000000-0x0000000000000000), size 0, SharedBaseAddress: 0x0000000800000000, ArchiveRelocationMode: 0.
Narrow klass base: 0x0000000000000000, Narrow klass shift: 0, Narrow klass range: 0x0

GC Precious Log:
<Empty>

Heap:
 garbage-first heap   total 0K, used 0K [0x0000000700c00000, 0x0000000800000000)
  region size 2048K, 0 young (0K), 0 survivors (0K)

[error occurred during error reporting (printing heap information), id 0xc0000005, EXCEPTION_ACCESS_VIOLATION (0xc0000005) at pc=0x00007ff99d3c8c59]

GC Heap History (0 events):
No events

Deoptimization events (0 events):
No events

Classes unloaded (0 events):
No events

Classes redefined (0 events):
No events

Internal exceptions (0 events):
No events

VM Operations (0 events):
No events

Events (1 events):
Event: 0.006 Loaded shared library C:\01Developkits\jdk-17\bin\java.dll


Dynamic libraries:
0x00007ff61ea30000 - 0x00007ff61ea3e000 	C:\01Developkits\jdk-17\bin\javaw.exe
0x00007ff9fec30000 - 0x00007ff9fee28000 	C:\Windows\SYSTEM32\ntdll.dll
0x00007ff9fccc0000 - 0x00007ff9fcd7d000 	C:\Windows\System32\KERNEL32.DLL
0x00007ff9fc940000 - 0x00007ff9fcc36000 	C:\Windows\System32\KERNELBASE.dll
0x00007ff9fc730000 - 0x00007ff9fc830000 	C:\Windows\System32\ucrtbase.dll
0x00007ff9f9780000 - 0x00007ff9f9798000 	C:\01Developkits\jdk-17\bin\jli.dll
0x00007ff9f37a0000 - 0x00007ff9f37ba000 	C:\01Developkits\jdk-17\bin\VCRUNTIME140.dll
0x00007ff9fe0a0000 - 0x00007ff9fe23e000 	C:\Windows\System32\USER32.dll
0x00007ff9fc430000 - 0x00007ff9fc452000 	C:\Windows\System32\win32u.dll
0x00007ff9f05c0000 - 0x00007ff9f085a000 	C:\Windows\WinSxS\amd64_microsoft.windows.common-controls_6595b64144ccf1df_6.0.19041.3636_none_60b6a03d71f818d5\COMCTL32.dll
0x00007ff9fdab0000 - 0x00007ff9fdadc000 	C:\Windows\System32\GDI32.dll
0x00007ff9fe000000 - 0x00007ff9fe09e000 	C:\Windows\System32\msvcrt.dll
0x00007ff9fc310000 - 0x00007ff9fc42a000 	C:\Windows\System32\gdi32full.dll
0x00007ff9fc8a0000 - 0x00007ff9fc93d000 	C:\Windows\System32\msvcp_win.dll
0x00007ff9fcc90000 - 0x00007ff9fccc0000 	C:\Windows\System32\IMM32.DLL
0x00007ff9f98e0000 - 0x00007ff9f98ec000 	C:\01Developkits\jdk-17\bin\vcruntime140_1.dll
0x00007ff9f1600000 - 0x00007ff9f168d000 	C:\01Developkits\jdk-17\bin\msvcp140.dll
0x00007ff99cd00000 - 0x00007ff99d8be000 	C:\01Developkits\jdk-17\bin\server\jvm.dll
0x00007ff9fda00000 - 0x00007ff9fdaaf000 	C:\Windows\System32\ADVAPI32.dll
0x00007ff9fdf00000 - 0x00007ff9fdf9c000 	C:\Windows\System32\sechost.dll
0x00007ff9fdbc0000 - 0x00007ff9fdce6000 	C:\Windows\System32\RPCRT4.dll
0x00007ff9fd9f0000 - 0x00007ff9fd9f8000 	C:\Windows\System32\PSAPI.DLL
0x00007ff9f5f70000 - 0x00007ff9f5f7a000 	C:\Windows\SYSTEM32\VERSION.dll
0x00007ff9f2fc0000 - 0x00007ff9f2fe7000 	C:\Windows\SYSTEM32\WINMM.dll
0x00007ff9e1880000 - 0x00007ff9e1889000 	C:\Windows\SYSTEM32\WSOCK32.dll
0x00007ff9fd980000 - 0x00007ff9fd9eb000 	C:\Windows\System32\WS2_32.dll
0x00007ff9fa1f0000 - 0x00007ff9fa202000 	C:\Windows\SYSTEM32\kernel.appcore.dll
0x00007ff9f7740000 - 0x00007ff9f774a000 	C:\01Developkits\jdk-17\bin\jimage.dll
0x00007ff9f1320000 - 0x00007ff9f1504000 	C:\Windows\SYSTEM32\DBGHELP.DLL
0x00007ff9e3630000 - 0x00007ff9e3664000 	C:\Windows\SYSTEM32\dbgcore.DLL
0x00007ff9fc460000 - 0x00007ff9fc4e2000 	C:\Windows\System32\bcryptPrimitives.dll
0x00007ff9f2a50000 - 0x00007ff9f2a75000 	C:\01Developkits\jdk-17\bin\java.dll

dbghelp: loaded successfully - version: 4.0.5 - missing functions: none
symbol engine: initialized successfully - sym options: 0x614 - pdb path: .;C:\01Developkits\jdk-17\bin;C:\Windows\SYSTEM32;C:\Windows\WinSxS\amd64_microsoft.windows.common-controls_6595b64144ccf1df_6.0.19041.3636_none_60b6a03d71f818d5;C:\01Developkits\jdk-17\bin\server

VM Arguments:
jvm_args: -Dfile.encoding=UTF-8 -Dstdout.encoding=UTF-8 -Dstderr.encoding=UTF-8 -XX:+ShowCodeDetailsInExceptionMessages 
java_command: banking3.JavaConsoleBankPSH
java_class_path (initial): C:\02Workspaces\01Java\JavaConsoleBankPSH\bin
Launcher Type: SUN_STANDARD

[Global flags]
     intx CICompilerCount                          = 4                                         {product} {ergonomic}
     uint ConcGCThreads                            = 3                                         {product} {ergonomic}
     uint G1ConcRefinementThreads                  = 10                                        {product} {ergonomic}
   size_t G1HeapRegionSize                         = 2097152                                   {product} {ergonomic}
    uintx GCDrainStackTargetSize                   = 64                                        {product} {ergonomic}
   size_t InitialHeapSize                          = 268435456                                 {product} {ergonomic}
   size_t MarkStackSize                            = 4194304                                   {product} {ergonomic}
   size_t MaxHeapSize                              = 4282384384                                {product} {ergonomic}
   size_t MinHeapDeltaBytes                        = 2097152                                   {product} {ergonomic}
   size_t MinHeapSize                              = 8388608                                   {product} {ergonomic}
    uintx NonNMethodCodeHeapSize                   = 5839372                                {pd product} {ergonomic}
    uintx NonProfiledCodeHeapSize                  = 122909434                              {pd product} {ergonomic}
    uintx ProfiledCodeHeapSize                     = 122909434                              {pd product} {ergonomic}
    uintx ReservedCodeCacheSize                    = 251658240                              {pd product} {ergonomic}
     bool SegmentedCodeCache                       = true                                      {product} {ergonomic}
     bool ShowCodeDetailsInExceptionMessages       = true                                   {manageable} {command line}
   size_t SoftMaxHeapSize                          = 4282384384                             {manageable} {ergonomic}
     bool UseCompressedClassPointers               = true                           {product lp64_product} {ergonomic}
     bool UseCompressedOops                        = true                           {product lp64_product} {ergonomic}
     bool UseG1GC                                  = true                                      {product} {ergonomic}
     bool UseLargePagesIndividualAllocation        = false                                  {pd product} {ergonomic}

Logging:
Log output configuration:
 #0: stdout all=warning uptime,level,tags
 #1: stderr all=off uptime,level,tags

Environment Variables:
JAVA_HOME=C:\01Developkits\jdk-17
PATH=C:/01Developkits/eclipse-jee-2023-12//plugins/org.eclipse.justj.openjdk.hotspot.jre.full.win32.x86_64_17.0.9.v20231028-0858/jre/bin/server;C:/01Developkits/eclipse-jee-2023-12//plugins/org.eclipse.justj.openjdk.hotspot.jre.full.win32.x86_64_17.0.9.v20231028-0858/jre/bin;C:\Windows\system32;C:\Windows;C:\Windows\System32\Wbem;C:\Windows\System32\WindowsPowerShell\v1.0\;C:\Windows\System32\OpenSSH\;C:\Program Files\nodejs\;C:\Program Files\Git\cmd;C:\Program Files\Bandizip\;C:\01Developkits\jdk-17\bin;C:\Users\TJ\AppData\Local\Microsoft\WindowsApps;;C:\Users\TJ\AppData\Local\Programs\Microsoft VS Code\bin;C:\Users\TJ\AppData\Roaming\npm;C:\01Developkits\eclipse-jee-2023-12;
USERNAME=TJ
OS=Windows_NT
PROCESSOR_IDENTIFIER=AMD64 Family 23 Model 113 Stepping 0, AuthenticAMD



---------------  S Y S T E M  ---------------

OS:
 Windows 10 , 64 bit Build 19041 (10.0.19041.3636)
OS uptime: 25 days 10:25 hours

CPU: total 12 (initial active 12) (12 cores per cpu, 2 threads per core) family 23 model 113 stepping 0 microcode 0x0, cx8, cmov, fxsr, ht, mmx, 3dnowpref, sse, sse2, sse3, ssse3, sse4a, sse4.1, sse4.2, popcnt, lzcnt, tsc, tscinvbit, avx, avx2, aes, clmul, bmi1, bmi2, adx, sha, fma, vzeroupper, clflush, clflushopt

Memory: 4k page, system-wide physical 16332M (7854M free)
TotalPageFile size 65471M (AvailPageFile size 75M)
current process WorkingSet (physical memory assigned to process): 10M, peak: 10M
current process commit charge ("private bytes"): 64M, peak: 320M

vm_info: OpenJDK 64-Bit Server VM (17+35-2724) for windows-amd64 JRE (17+35-2724), built on Aug  5 2021 23:26:02 by "mach5one" with MS VC++ 16.8 (VS2019)

END.
